*** Using Compiler 'V5.06 update 7 (build 960)', folder: 'D:\keil_v5\ARM\ARMCC\Bin'
Rebuild target '2021 NCIST infantry'
compiling led.c...
compiling system_stm32f4xx.c...
compiling timer.c...
compiling stm32f4xx_it.c...
compiling main.c...
compiling rc.c...
compiling start_task.c...
compiling can.c...
compiling remote_control.c...
compiling Tx2_task.c...
compiling detect_task.c...
compiling CAN_receive.c...
compiling chassis_task.c...
compiling gimbal_task.c...
compiling shoot_task.c...
compiling ui_task.c...
compiling protocol.c...
compiling get_judge_measure.c...
compiling RM_Cilent_UI.c...
compiling sys.c...
compiling delay.c...
compiling Judge_Task.c...
compiling judgement_info.c...
compiling mpu_delay.c...
compiling usart1.c...
compiling accelerometer_calibration.c...
compiling BSP_Flash.c...
compiling kalman.c...
compiling usart6.c...
compiling Filter_Control.c...
compiling IMUTask.c...
compiling BSP_MPU9250_Init.c...
compiling MPU_SPI_Init.c...
assembling startup_stm32f40_41xxx.s...
compiling MPU_TIME_Init.c...
compiling user_lib.c...
compiling pid.c...
compiling Ramp_Control.c...
compiling kalman_filter.c...
compiling misc.c...
compiling stm32f4xx_gpio.c...
compiling stm32f4xx_rcc.c...
compiling stm32f4xx_usart.c...
compiling stm32f4xx_syscfg.c...
compiling stm32f4xx_adc.c...
compiling stm32f4xx_crc.c...
compiling stm32f4xx_can.c...
compiling stm32f4xx_cryp_aes.c...
compiling stm32f4xx_cryp.c...
compiling stm32f4xx_cryp_des.c...
compiling stm32f4xx_cryp_tdes.c...
compiling stm32f4xx_dac.c...
compiling stm32f4xx_dbgmcu.c...
compiling stm32f4xx_dcmi.c...
compiling stm32f4xx_exti.c...
compiling stm32f4xx_dma2d.c...
compiling stm32f4xx_dma.c...
compiling stm32f4xx_flash_ramfunc.c...
compiling stm32f4xx_flash.c...
compiling stm32f4xx_fsmc.c...
compiling stm32f4xx_hash_md5.c...
compiling stm32f4xx_hash.c...
compiling stm32f4xx_i2c.c...
compiling stm32f4xx_hash_sha1.c...
compiling stm32f4xx_iwdg.c...
compiling stm32f4xx_pwr.c...
compiling stm32f4xx_ltdc.c...
compiling stm32f4xx_sai.c...
compiling stm32f4xx_rng.c...
compiling stm32f4xx_spi.c...
compiling stm32f4xx_tim.c...
compiling stm32f4xx_sdio.c...
compiling stm32f4xx_wwdg.c...
compiling stm32f4xx_rtc.c...
compiling croutine.c...
compiling list.c...
compiling queue.c...
compiling event_groups.c...
compiling tasks.c...
compiling heap_4.c...
compiling port.c...
compiling timers.c...
compiling cmsis_os.c...
linking...
Program Size: Code=59504 RO-data=5048 RW-data=892 ZI-data=113364  
FromELF: creating hex file...
"..\OBJ\infantry.axf" - 0 Error(s), 0 Warning(s).
Build Time Elapsed:  00:00:22
